生成启动时间为 2018-11-8 13:56:12。
     1>项目“E:\技术学习\DLL\MyDll\MyDll\MyDll.vcxproj”在节点 2 上(build 个目标)。
     1>InitializeBuildStatus:
         正在创建“Debug\MyDll.unsuccessfulbuild”，因为已指定“AlwaysCreate”。
       ClCompile:
         C:\Program Files (x86)\Microsoft Visual Studio 10.0\VC\bin\CL.exe /c /ZI /nologo /W3 /WX- /Od /Oy- /D WIN32 /D _DEBUG /D _WINDOWS /D _USRDLL /D MYDLL_EXPORTS /D _WINDLL /D _UNICODE /D UNICODE /Gm /EHsc /RTC1 /MDd /GS /fp:precise /Zc:wchar_t /Zc:forScope /Fo"Debug\\" /Fd"Debug\vc100.pdb" /Gd /TP /analyze- /errorReport:prompt MyDll.cpp
         MyDll.cpp
       ManifestResourceCompile:
         所有输出均为最新。
       Link:
         C:\Program Files (x86)\Microsoft Visual Studio 10.0\VC\bin\link.exe /ERRORREPORT:PROMPT /OUT:"E:\技术学习\DLL\MyDll\Debug\MyDll.dll" /INCREMENTAL /NOLOGO kernel32.lib user32.lib gdi32.lib winspool.lib comdlg32.lib advapi32.lib shell32.lib ole32.lib oleaut32.lib uuid.lib odbc32.lib odbccp32.lib /MANIFEST /ManifestFile:"Debug\MyDll.dll.intermediate.manifest" /MANIFESTUAC:"level='asInvoker' uiAccess='false'" /DEBUG /PDB:"E:\技术学习\DLL\MyDll\Debug\MyDll.pdb" /SUBSYSTEM:WINDOWS /TLBID:1 /DYNAMICBASE /NXCOMPAT /IMPLIB:"E:\技术学习\DLL\MyDll\Debug\MyDll.lib" /MACHINE:X86 /DLL Debug\MyDll.dll.embed.manifest.res
         Debug\MyDll.obj
            正在创建库 E:\技术学习\DLL\MyDll\Debug\MyDll.lib 和对象 E:\技术学习\DLL\MyDll\Debug\MyDll.exp
       Manifest:
         C:\Program Files (x86)\Microsoft SDKs\Windows\v7.0A\bin\mt.exe /nologo /verbose /out:"Debug\MyDll.dll.embed.manifest" /manifest Debug\MyDll.dll.intermediate.manifest
         所有输出均为最新。
       LinkEmbedManifest:
         所有输出均为最新。
         MyDll.vcxproj -> E:\技术学习\DLL\MyDll\Debug\MyDll.dll
       FinalizeBuildStatus:
         正在删除文件“Debug\MyDll.unsuccessfulbuild”。
         正在对“Debug\MyDll.lastbuildstate”执行 Touch 任务。
     1>已完成生成项目“E:\技术学习\DLL\MyDll\MyDll\MyDll.vcxproj”(build 个目标)的操作。

生成成功。

已用时间 00:00:00.29
